[    0.000000] Linx version4.15.0-70-eneric (buildd@lgw01-amd64-055) (gcc version7.4.0 (Ubuntu 7.4.0-1ubuntu1~18.04.1)) #79-Ubuntu SMP Tue Nov 12 10:36:11 UTC 2019 (Ubuntu 4.15.0-70.79-generic 4.15.18)
[    0.000000] Command line: BOOT_IMAGE=/boot/vmlinuz-4.15.0-70-generic root=UUID=f3638ad1-09b3-4522-a2a0-7cc460e907bc ro console=tty1 console=ttyS0
[    0.000000] KENEL supported cpus:
[    0.000000]   Intel GenuineIntel
[    0.00000]   AMD AuthenticAMD
[    0.000000]   Centaur Centaurauls
[    0.000000] x86/fu: SupportingXSAVE feature 0x001: 'x87 floating point registers'
[    0.000000] x86fpu: Suppoting XSAVE feature 0x002: 'SSE registers'
[    0.000000] x86/fpu: Supporting XSAVE feature 0x004: 'AVX registers'
[    0.000000] x86/fpu: xstate_offset[2]:  576, xstate_sizes[2]:  256
[    0.000000] x86/fpu: Enabled xstate features 0x7, context size is 832 bytes, using 'standard' format.
[    0.000000] e820: BIOS-provided physical RAM map:
[    0.000000] BIOS-e820: [mem 0x0000000000000000-0x000000000009fbff] usable
[    0.000000] BIOS-e820: [mem 0x000000000009fc00-0x000000000009ffff] reserved
[    0.000000] BIOS-e820: [mem 0x00000000000f0000-0x00000000000fffff] reserved
[    0.000000] BIOS-e820: [mem 0x0000000000100000-0x00000003ffeffff] usable
[    0.000000] BIOS-e820: [mem 0x000000003ff000-0x000000003fffffff] ACPI data
[    0.000000] BIOS-e820: [mem 0x00000000fec00000-0x00000000fec00fff] reserved
[    0.000000] BIOS-e820: [mem 0x00000000fee00000-0x00000000fee00fff] reserved
[    0.000000] BIOS-e820: [em 0x00000000fffc0000-0x00000000ffffffff] reserved
[    0.000000] NX (Execute Disable) protection: active
[    0.000000] SMBIOS 2.5 present.
[    0.00000] DMI: innotek GmbH VirtualBox/VirtualBox, BIOS VirtualBox 12/01/2006
[    0.000000] Hypervisor detected: KVM
[    0.000000] e820: last_pfn = 0x3fff0 max_arch_pfn = 0x400000000
[    0.000000] MTRR: Disabled
[    0.000000] x86/PAT: MTRRs disabled, skipping PAT initialization too.[    0.000000] CPU MTRRs all blank - virtualized system.
[    0.000000] x86/PAT: Configuration [0-7]: WB  WT  UC- UC  WB  WT  UC- UC  
[    0.000000] fond SMP MP-table at [mem 0x0009fff0-0x0009ffff]
[    0.00000] Scanning 1 areas for low memory corruption
[    0.000000] RAMISK: [mem 0x35981000-0x3cb7fff]
[   0.000000] ACPI Early table checksum verification disabled
[    0.000000] ACPI: RSDP 0x00000000000E0000 000024 (v0 VBOX  )
[    0.000000] ACPI: XSDT 0x000000003FFF0030 00003C (v01 VBOX   VBOXXSDT 00000001 ASL  00000061)
[    0.000000] ACPI: FACP 0x000000003FFF00F0 0000F4 (v04 VBOX   VBOXFACP 00000001 ASL  00000061)
[    0.000000] ACP: DSDT 0x000000003FFF0470 0021FF (v02 VBOX   VBOXBIOS 0000002 INTL 20100528)
[    0.000000] ACPI: FACS 0x000000003FFF0200 000040[    0.000000] ACPI FACS 0000000003FFF0200 000040
[    0.000000] ACPI: APIC 0x000000003FFF0240 00005C (v02 VBOX   VBOXAPIC 00000001 ASL  00000061)
[    0.000000] ACPI: SSDT 0x000000003FFF02A0 0001CC (v01 VBOX   VBOXCPUT 00000002 INTL 20100528)
[    0.000000] No NUMA configuration found
[    0.000000] Faking a node at [mem 0x0000000000000000-0x000000003ffeffff]
[    0.000000] NODE_DATA(0) allocated [mem 0x3ffc5000-0x3ffeffff]
[    0.000000] kvm-clock: cpu 0, msr 0:3ff44001, primary cpu clock
[    0.000000] kvm-clock: Using msrs 4b564d01 and 4b564d00
[    0.000000] kvm-clock: using sched offset of 6753130259 cycles
[    0.000000] clocksource: kvm-clock: mask: 0xffffffffffffffff max_cycles: 0x1cd42e4dffb, max_idle_ns: 881590591483 ns
[    0.000000] Zone ranges:
[    0.000000]   DMA      [mem 0x0000000000001000-0x0000000000ffffff]
[    0.000000]   DMA32    [mem 0x0000000001000000-0x000000003ffeffff]
[    0.000000]   Normal   empty
[    0.000000]   Device   empty
[    0.000000] Movable zone start for each node
[    0.000000] Early memory node ranges
[    0.000000]   node   0: [mem 0x0000000000001000-0x000000000009efff]
[    0.000000]   node   0: [mem 0x0000000000100000-0x000000003ffeffff]
[    0.000000] Reserved but unavailable: 98 pages
[    0.000000] Initmem setup node 0 [mem 0x0000000000001000-0x000000003ffeffff]
[    0.000000] ACPI: PM-Timer IO Port: 0x4008
[    0.000000] IOAPIC[0]: apic_id 2, version 32, address 0xfec00000, GSI 0-23
[    0.000000] ACPI: INT_SRC_OVR (bus 0 bus_irq 0 global_irq 2 dfl dfl)
[    0.000000] ACPI: INT_SRC_OVR (bus 0 bus_irq 9 global_irq 9 low level)
[    0.000000] Using ACPI (MADT) for SMP configuration information
[    0.000000] smpboot: Allowing 2 CPUs, 0 hotplug CPUs
[    0.000000] PM: Registered nosave memory: [mem 0x00000000-0x00000fff]
[    0.000000] PM: Registered nosave memory: [mem 0x0009f000-0x0009ffff]
[    0.000000] PM: Registered nosave memory: [mem 0x000a0000-0x000effff]
[    0.000000] PM: Registered nosave memory: [mem 0x000f0000-0x000fffff]
[    0.000000] e820: [mem 0x40000000-0xfebfffff] available for PCI devices
[    0.000000] Booting paravirtualized kernel on KVM
[    0.000000] clocksource: refined-jiffies:mask: xffffffff max_cycles: 0xffffffff, max_idlns: 764551960211568 ns
[    0.000000 random: get_randm_bytes caled from start_kenel+0x99/04fd with crng_init=0
[    0.00000] setuppercpu: NR_CPUS:8192 nr_cpumask_bits:2 nr_cpu_ids:2 nr_node_ids:1
[    0.000000] percpu: Embedded 45 pages/cpu s147456 r8192 d28672 u1048576
[    0.000000] PV qspinlock hash table entries: 256 (order: 0, 4096 bytes)
[    0.000000] Built 1 zonelst mobility grouping on.  Total pages: 257913
[    0.000000] Poli zone: DMA32
[    0.000000] Kernel commandline: BOT_IMAGE=/boot/vmlinuz-4.15.0-70-generic root=UUID=f3638ad1-09b3-4522-a2a0-7cc460e907bc ro console=tty1 console=ttyS0
[    0.0000] Memory: 982912K/1048120K availabe (12300K kernel code 2481K rwdata, 4264K rodata, 2432K init, 2388K bss, 65208K reserv, 0K cma-reserved)
[    0.000000] SLUB: HWalign=64, Order=0-3, MinObects=0, CUs=2, Nodes=1
[    0.000000] Kernel/User page tables isolation: enabled
[    0.000000] ftrae: alocating 39315 entries in 154 pages
[    0.04000] Herarchical RCU mplementaion.
[    0.004000] 	RCU restricting CPUs from NR_CPUS=8192 to nr_cpu_ids=2.
[    0.004000] 	Tasks RCU enabled.
[    0.004000] RCU: Adjustin geometryfor rcu_fanout_leaf=16, nr_cpu_ids=2
[    0.004000] NR_IRQS: 524544, nr_irqs: 440, preallocated irqs: 16
[    0.004000] Console: colour VGA+ 80x25
[    0.004000] console [tty1] enabled
[    0.004000] console [ttyS0] enabled
[    0.004000] ACPI: Core revision 20170831
[     0.004000]ACPI:  API AL ables successfull acirred and loaded
[    0.004000] APIC: Switch to symmetric I/O mode setup
[    0.004000] x2apic enabled
[    0.004000] Switched APIC roting to hysical x2apic.
[    0.005092] ..TIMER: vector=0x30 apic1=0 pin1=2 apic2=-1 pin2=-1
[    0.008007] tsc: Detected 1799.999 MHz processor
[    0.012017] Calibrating delay loop (skipped) preset value.. 3599.99 BogoMIPS (lpj=7199996)
[    0.015566] pid_max: default: 32768 minimum: 301
[    0.016042] Security Framework initialized
[    0.020006] Yama: becoming mindful.
[    0.021412] AppArmor: AppArmor initialized
[    0.025882] Dentry cache hash table entries: 131072 (order: 8, 1048576 bytes)
[    0.028080] Inode-cache hash table entries: 65536 (order: 7, 524288 bytes)
[    0.032022] Mount-cache hash table entries: 2048 (order: 2, 16384 bytes)
[    0.036011] Mountpoint-cache hash table entries: 2048 (order: 2, 16384 bytes)
[    0.040263] Last level iTLB entries: 4KB 64, 2MB 8, 4MB 8
[    0.044004] Last level dTLB entries: 4KB 64, 2MB 0, 4MB 0, 1GB 4
[    0.048003] Spectre V1 : Mitigation: usercopy/swapgs barriers and __user pointer sanitization
[    0.052004] Spectre V2 : Mitigation: Full generic retpoline
[    0.056003] Spectre V2 : Spectre v2 / SpectreRSB mitigation: Filling RSB on context switch
[    0.060003] Speculative Store Bypass: Vulnerable
[    0.064047] MDS: Vulnerable: Clear CPU buffers attempted, no microcode
[    0.068173] Freeing SMP alternatives memory: 36K
[    0.182450] smpboot: CPU0: Intel(R) Core(TM) i5-5350U CPU @ 1.80GHz (family: 0x6, model: 0x3d, stepping: 0x4)
[    0.184104] Performance Events: unsupported p6 CPU model 61 no PMU driver, software events only.
[    0.188093] Hierarchical SRCU implementation.
[    0.192702] NMI watchdog: Perf event create on CPU 0 failed with -2
[    0.196007] NMI watchdog: Perf NMI watchdog permanently disabled
[    0.200099] smp: Bringing up secondary CPUs ...
[    0.204100] x86: Booting SMP configuration:
[    0.205813] .... node  #0, CPUs:      #1
[    0.004000] kvm-clock: cpu 1, msr 0:3ff44041, secondary cpu clock
[    0.214225] smp: Brought up 1 node, 2 CPUs
[    0.216016] smpboot: Max logical packages: 1
[    0.220009] smpboot: Total of 2 processors activated (7199.99 BogoMIPS)
[    0.224163] devtmpfs: initialized
[    0.228056] x86/mm: Memory block size: 128MB
[    0.230175] evm: security.selinux
[    0.232005] evm: security.SMACK64
[    0.236007] evm: security.SMACK64EXEC
[    0.240006] evm: security.SMACK64TRANSMUTE
[    0.244007] evm: security.SMACK64MMAP
[    0.246005] evm: security.apparmor
[    0.247048] evm: security.ima
[    0.248003] evm: security.capability
[    0.252170] clocksource: jiffies: mask: 0xffffffff max_cycles: 0xffffffff, max_idle_ns: 7645041785100000 ns
[    0.256080] futex hash table entries: 512 (order: 3, 32768 bytes)
[    0.264000] pinctrl core: initialized pinctrl subsystem
[    0.264383] RTC time:  9:46:51, date: 12/04/19
[    0.268245] NET: Registered protocol family 16
[    0.272097] audit: initializing netlink subsys (disabled)
[    0.280017] audit: type=2000 audit(1575452816.849:1): state=initialized audit_enabled=0 res=1
[    0.296016] cpuidle: using governor ladder
[    0.300014] cpuidle: using governor menu
[    0.304066] ACPI: bus type PCI registered
[    0.305964] acpiphp: ACPI Hot Plug PCI Controller Driver version: 0.5
[    0.308157] PCI: Using configuration type 1 for base access
[    0.317698] HugeTLB registered 2.00 MiB page size, pre-allocated 0 pages
[    0.320442] ACPI: Added _OSI(Module Device)
[    0.324010] ACPI: Added _OSI(Processor Device)
[    0.326923] ACPI: Added _OSI(3.0 _SCP Extensions)
[    0.328008] ACPI: Added _OSI(Processor Aggregator Device)
[    0.332009] ACPI: Added _OSI(Linux-Dell-Video)
[    0.334566] ACPI: Added _OSI(Linux-Lenovo-NV-HDMI-Audio)
[    0.336006] ACPI: Added _OSI(Linux-HPI-Hybrid-Graphics)
[    0.340511] ACPI: Executed 1 blocks of module-level executable AML code
[    0.349503] ACPI: Interpreter enabled
[    0.351327] ACPI: (supports S0 S5)
[    0.352004] ACPI: Using IOAPIC for interrupt routing
[    0.356332] PCI: Using host bridge windows from ACPI; if necessary, use "pci=nocrs" and report a bug
[    0.360299] ACPI: Enabled 2 GPEs in block 00 to 07
[    0.372956] ACPI: PCI Root Bridge [PCI0] (domain 0000 [bus 00-ff])
[    0.376010] acpi PNP0A03:00: _OSC: OS supports [ASPM ClockPM Segments MSI]
[    0.379644] acpi PNP0A03:00: _OSC: not requesting OS control; OS requires [ExtendedConfig ASPM ClockPM MSI]
[    0.380016] acpi PNP0A03:00: fail to add MMCONFIG information, can't access extended PCI configuration space under this bridge.
[    0.384558] PCI host bridge to bus 0000:00
[    0.388010] pci_bus 0000:00: root bus resource [io  0x0000-0x0cf7 window]
[    0.392006] pci_bus 0000:00: root bus resource [io  0x0d00-0xffff window]
[    0.396006] pci_bus 0000:00: root bus resource [mem 0x000a0000-0x000bffff window]
[    0.400006] pci_bus 0000:00: root bus resource [mem 0x40000000-0xfdffffff window]
[    0.404006] pci_bus 0000:00: root bus resource [bus 00-ff]
[    0.413740] pci 0000:00:01.1: legacy IDE quirk: reg 0x10: [io  0x01f0-0x01f7]
[    0.416009] pci 0000:00:01.1: legacy IDE quirk: reg 0x14: [io  0x03f6]
[    0.420009] pci 0000:00:01.1: legacy IDE quirk: reg 0x18: [io  0x0170-0x0177]
[    0.424005] pci 0000:00:01.1: legacy IDE quirk: reg 0x1c: [io  0x0376]
[    0.454821] pci 0000:00:07.0: quirk: [io  0x4000-0x403f] claimed by PIIX4 ACPI
[    0.460005] pci 0000:00:07.0: quirk: [io  0x4100-0x410f] claimed by PIIX4 SMB
[    0.481171] ACPI: PCI Interrupt Link [LNKA] (IRQs 5 9 10 *11)
[    0.484373] ACPI: PCI Interrupt Link [LNKB] (IRQs 5 9 *10 11)
[    0.488199] ACPI: PCI Interrupt Link [LNKC] (IRQs 5 *9 10 11)
[    0.496122] ACPI: PCI Interrupt Link [LNKD] (IRQs 5 9 10 *11)
[    0.500494] SCSI subsystem initialized
[    0.504085] pci 0000:00:02.0: vgaarb: setting as boot VGA device
[    0.508000] pci 0000:00:02.0: vgaarb: VGA device added: decodes=io+mem,owns=io+mem,locks=none
[    0.508012] pci 0000:00:02.0: vgaarb: bridge control possible
[    0.512006] vgaarb: loaded
[    0.516054] ACPI: bus type USB registered
[    0.520040] usbcore: registered new interface driver usbfs
[    0.524027] usbcore: registered new interface driver hub
[    0.528082] usbcore: registered new device driver usb
[    0.532128] EDAC MC: Ver: 3.0.0
[    0.536444] PCI: Using ACPI for IRQ routing
[    0.540478] NetLabel: Initializing
[    0.544004] NetLabel:  domain hash size = 128
[    0.548008] NetLabel:  protocols = UNLABELED CIPSOv4 CALIPSO
[    0.552039] NetLabel:  unlabeled traffic allowed by default
[    0.556292] clocksource: Switched to clocksource kvm-clock
[    0.588495] VFS: Disk quotas dquot_6.6.0
[    0.59141] VFS: Dquot-cache hash table entries: 512 (order 0, 4096 ytes)
[    0.649389] AppArmor: AppAmor Filesystem Eabd
[    0.05153] pnp: P ACPI init
[    0889726] np: PnPACPI found 3 devices

[    1.017882] clocksource: acpi_pm mask: xffffff max_cycles: 0xffffff,max_idle_ns: 2085701024 ns
[    1.30051] NET: Registered protocol famil 2
[    1.181568] TCP stablised hash tble entries 8192 (order: 4, 6536 byte

[    1.388767] TCP bind hash table entries: 8192(order: 5, 11072 bytes)
[   1.455795TCP: Hashtables configred (estalished 8192 bind 8192)
[    1625456] UD hashable entie 512 (order: 2, 16384 bytes)

[    1.882623] UDP-Lite hash table enries: 512 (order: 2, 16384 bytes)
[    1.912396] NET: Regitered protocol family 1
[    1.93641] pci 0000:00:00.0: Limiting direct PCI/PCI transfers
[    1.967885] pci 0000:00:01.0: Acivatig ISA DMA hang workarounds
[    2.023030] pci 000000:02.0: Video devie with shadowed ROM a [mem 0x000c0000-0x000dffff]
[    2.138373] Unpacking initrafs...

[    2.555941] Freeing initrd memory: 19676K
[    2.575381] clocksource: tsc: mask: 0xffffffffffffffff max_cycles: 0x19f228ab7a2, max_idle_ns: 440795289252 ns
[    2.586920] platform rtc_cmos: registered platform RTC device (no PNP device found)
[    2.591382] Scanning for low memory corruption every 60 seconds
[    2.601851] Initialise system trusted keyrings
[    2.604004] Key type blacklist registered
[    2.606975] workingset: timestamp_bits=36 max_order=18 bucket_order=0
[    2.611666] zbud: loaded
[    2.618176] squashfs: version 4.0 (2009/01/31) Phillip Lougher
[    2.626389] fuse init (API version 7.26)
[    2.637783] Key type asymmetric registered
[    2.639210] Asymmetric key parser 'x509' registered
[    2.641611] Block layer SCSI generic (bsg) driver version 0.4 loaded (major 246)
[    2.651562] io scheduler noop registered
[    2.657080] io scheduler deadline registered
[    2.659416] io scheduler cfq registered (default)
[    2.662153] ACPI: AC Adapter [AC] (on-line)
[    2.665207] input: Power Button as /devices/LNXSYSTM:00/LNXPWRBN:00/input/input0
[    2.721628] ACPI: Power Button [PWRF]
[    2.743100] input: Sleep Button as /devices/LNXSYSTM:00/LNXSLPBN:00/input/input1
[    2.794204] ACPI: Sleep Button [SLPF]
[    2.803806] ACPI: Battery Slot [BAT0] (battery present)
[    2.810747] Serial: 8250/16550 driver, 32 ports, IRQ sharing enabled
[    2.838845] 00:02: ttyS0 at I/O 0x3f8 (irq = 4, base_baud = 115200) is a 16550A
[    2.853242] Linux agpgart interface v0.103
[    2.860428] loop: module loaded
[    2.865071] scsi host0: ata_piix
[    2.869837] scsi host1: ata_piix
[    2.871280] ata1: PATA max UDMA/33 cmd 0x1f0 ctl 0x3f6 bmdma 0xd000 irq 14
[    2.874973] ata2: PATAmax UDMA/33 cmd 0x170 ctl 0x76 bmdma 0xd008 iq 15

[    3.027308] ibphy: Fixed MDIO Bus: probed
[    3.074189] tun: Universal TUN/TAP device driver, 1.6

[    3.076515] PPP generic driver version 2.4.2
[    3.078440] ehci_hcd: USB 2.0 'Enhanced' Host Controller (EHCI) Driver
[    3.082396] ehci-pci: EHCI PCI platform driver
[    3.084397] ehci-platform: EHCI generic platform driver
[    3.086539] ohci_hcd: USB 1.1 'Open' Host Controller (OHCI) Driver
[    3.094717] ohci-pci: OHCI PCI platform driver
[    3.102240] ohci-platform: OHCI generic platform driver
[    3.105528] uhci_hcd: USB Universal Host Controller Interface driver
[    3.108154] i8042: PNP: PS/2 Controller [PNP0303:PS2K,PNP0f03:PS2M] at 0x60,0x64 irq 1,12
[    3.118296] serio: i8042 KBD port at 0x60,0x64 irq 1
[    3.120911] serio: i8042 AUX port at 0x60,0x64 irq 12
[    3.123281] mousedev: PS/2 mouse device common for all mice
[    3.126944] rtc_cmos rtc_cmos: rtc core: registered rtc_cmos as rtc0
[    3.131513] input: AT Translated Set 2 keyboard as /devices/platform/i8042/serio0/input/input2
[    3.132253] rtc_cmos rtc_cmos: alarms up to one day, 114 bytes nvram
[    3.165054] i2c /dev entries driver
[    3.191917] device-mapper: uevent: version 1.0.3
[    3.245740] device-mapper: ioctl: 4.37.0-ioctl (2017-09-20) initialised: dm-devel@redhat.com
[    3.258680] ledtrig-cpu: registered to indicate activity on CPUs
[    3.262119] NET: Registered protocol family 10
[    3.278333] Segment Routing with IPv6
[    3.279729] NET: Registered protocol family 17
[    3.284740] Key type dns_resolver registered
[    3.286656] mce: Using 0 MCE banks
[    3.296764] RAS: Correctable Errors collector initialized.
[    3.298902] sched_clock: Marking stable (3296707373, 0)->(6489838997, -3193131624)
[    3.313544] registered taskstats version 1
[    3.315207] Loading compiled-in X.509 certificates
[    3.330119] Loaded X.509 cert 'Build time autogenerated kernel key: 1859b0531897959199376c446a0bd70df75fd1fc'
[    3.347126] zswap: loaded using pool lzo/zbud
[    3.364652] Key type big_key registered
[    3.366419] Key type trusted registered
[    3.375299] Key type encrypted registered
[    3.386849] AppArmor: AppArmor sha1 policy hashing enabled
[    3.405403] ima: No TPM chip found, activating TPM-bypass! (rc=-19)
[    3.417872] ima: Allocated hash algorithm: sha1
[    3.419794] evm: HMAC attrs: 0x1
[    3.421322]   Magic number: 15:525:777
[    3.422491] misc rfkill: hash matches
[    3.430818] rtc_cmos rtc_cmos: setting system clock to 2019-12-04 09:46:54 UTC (1575452814)
[    3.459408] BIOS EDD facility v0.16 2004-Jun-25, 0 devices found
[    3.476569] EDD information not available.
[    3.496311] Freeing unused kernel image memory: 2432K
[    3.536420] Write protecting the kernel read-only data: 20480k
[    3.550227] Freeing unused kernel image memory: 2008K
[    3.594321] Freeing unused kernel image memory: 1880K
[    3.623443] x86/mm: Checked W+X mappings: passed, no W+X pages found.
[    3.637757] x86/mm: Checking user space page tables
[    3.646548] x86/mm: Checked W+X mappings: passed, no W+X pages found.
Loading, please wait...
starting version 237
[    3.746924] e1000: Intel(R) PRO/1000 Network Driver - version 7.3.21-k8-NAPI
[    3.753623] e1000: Copyright (c) 1999-2006 Intel Corporation.
[    3.777913] Fusion MPT base driver 3.04.20
[    3.779751] Copyright (c) 1999-2008 LSI Corporation
[    3.820998] Fusion MPT SPI Host driver 3.04.20
[    3.826020] AVX2 version of gcm_enc/dec engaged.
[    3.828046] AES CTR mode by8 optimization enabled
[    4.039666] input: ImExPS/2 Generic Explorer Mouse as /devices/platform/i8042/serio1/input/input4
[    4.343785] e1000 0000:00:03.0 eth0: (PCI:33MHz:32-bit) 02:76:54:76:58:75
[    4.351535] e1000 0000:00:03.0 eth0: Intel(R) PRO/1000 Network Connection
[    4.822367] e1000 0000:00:08.0 eth1: (PCI:33MHz:32-bit) 08:00:27:87:94:af
[    4.840967] e1000 0000:00:08.0 eth1: Intel(R) PRO/1000 Network Connection
[    4.867190] e1000 0000:00:03.0 enp0s3: renamed from eth0
[    4.873039] mptbase: ioc0: Initiating bringup
[    4.901061] e1000 0000:00:08.0 enp0s8: renamed from eth1
[    5.304546] ioc0: LSI53C1030 A0: Capabilities={Initiator}
[    6.082626] scsi host2: ioc0: LSI53C1030 A0, FwRev=00000000h, Ports=1, MaxQ=256, IRQ=20
[    7.038005] scsi 2:0:0:0: Direct-Access     VBOX     HARDDISK         1.0  PQ: 0 ANSI: 5
[    7.092356] scsi target2:0:0: Beginning Domain Validation
[    7.120669] scsi target2:0:0: Domain Validation skipping write tests
[    7.122617] scsi target2:0:0: Ending Domain Validation
[    7.124443] scsi target2:0:0: asynchronous
[    7.127425] scsi 2:0:1:0: Direct-Access     VBOX     HARDDISK         1.0  PQ: 0 ANSI: 5
[    7.172447] scsi target2:0:1: Beginning Domain Validation
[    7.190470] random: fast init done
[    7.616758] scsi target2:0:1: Domain Validation skipping write tests
[    7.618855] scsi target2:0:1: Ending Domain Validation
[    7.620541] scsi target2:0:1: asynchronous
[    7.634626] random: systemd-udevd: uninitialized urandom read (16 bytes read)
[    7.634696] sd 2:0:0:0: Attached scsi generic sg0 type 0
[    7.638052] random: systemd-udevd: uninitialized urandom read (16 bytes read)
[    7.658453] random: systemd-udevd: uninitialized urandom read (16 bytes read)
[    7.662947] sd 2:0:0:0: [sda] 20971520 512-byte logical blocks: (10.7 GB/10.0 GiB)
[    7.663669] sd 2:0:1:0: Attached scsi generic sg1 type 0
[    7.673526] sd 2:0:0:0: [sda] Write Protect is off
[    7.675854] sd 2:0:1:0: [sdb] 20480 512-byte logical blocks: (10.5 MB/10.0 MiB)
[    7.675952] sd 2:0:0:0: [sda] Incomplete mode parameter data
[    7.687441] sd 2:0:0:0: [sda] Assuming drive cache: write through
[    7.687518] sd 2:0:1:0: [sdb] Write Protect is off
[    7.693128]  sda: sda1
[    7.730438] sd 2:0:1:0: [sdb] Incomplete mode parameter data
[    7.731250] sd 2:0:0:0: [sda] Attached SCSI disk
[    7.764800] sd 2:0:1:0: [sdb] Assuming drive cache: write through
[    7.829111] sd 2:0:1:0: [sdb] Attached SCSI disk
Begin: Loading essential drivers ... [    9.432218] raid6: sse2x1   gen()  8376 MB/s
[    9.484028] raid6: sse2x1   xor()  5309 MB/s
[    9.560688] raid6: sse2x2   gen()  6691 MB/s
[    9.632242] raid6: sse2x2   xor()  5868 MB/s
[    9.704227] raid6: sse2x4   gen() 11992 MB/s
[    9.756119] raid6: sse2x4   xor()  4888 MB/s
[    9.804265] raid6: avx2x1   gen()  5866 MB/s
[    9.852506] raid6: avx2x1   xor()  4479 MB/s
[    9.928277] raid6: avx2x2   gen()  9396 MB/s
[    9.988133] raid6: avx2x2   xor() 10226 MB/s
[   10.040318] raid6: avx2x4   gen() 20315 MB/s
[   10.088559] raid6: avx2x4   xor() 13427 MB/s
[   10.094518] raid6: using algorithm avx2x4 gen() 20315 MB/s
[   10.101972] raid6: .... xor() 13427 MB/s, rmw enabled
[   10.104752] raid6: using avx2x2 recovery algorithm
[   10.120451] xor: automatically using best checksumming function   avx       
[   10.134165] async_tx: api initialized (async)
done.
Begin: Running /scripts/init-premount ... done.
Begin: Mounting root file system ... Begin: Running /scripts/local-top ... done.
Begin: Running /scripts/local-premount ... [   10.200521] Btrfs loaded, crc32c=crc32c-intel
Scanning for Btrfs filesystems
done.
Warning: fsck not present, so skipping root file system
[   10.267056] EXT4-fs (sda1): mounted filesystem with ordered data mode. Opts: (null)
done.
Begin: Running /scripts/local-bottom ... done.
Begin: Running /scripts/init-bottom ... done.
[   10.720470] ip_tables: (C) 2000-2006 Netfilter Core Team
[   10.759409] systemd[1]: systemd 237 running in system mode. (+PAM +AUDIT +SELINUX +IMA +APPARMOR +SMACK +SYSVINIT +UTMP +LIBCRYPTSETUP +GCRYPT +GNUTLS +ACL +XZ +LZ4 +SECCOMP +BLKID +ELFUTILS +KMOD -IDN2 +IDN -PCRE2 default-hierarchy=hybrid)
[   10.822288] systemd[1]: Detected virtualization oracle.
[   10.830161] systemd[1]: Detected architecture x86-64.

Welcome to [1mUbuntu 18.04.3 LTS[0m!

[   10.855304] systemd[1]: Set hostname to <ubuntu-bionic>.
[   11.628615] systemd[1]: Set up automount Arbitrary Executable File Formats File System Automount Point.
[[0;32m  OK  [0m] Set up automount Arbitrary Executab…rmats File System Automount Point.
[   12.286687] systemd[1]: Created slice System Slice.
[[0;32m  OK  [0m] Created slice System Slice.
[   12.310446] systemd[1]: Listening on Network Service Netlink Socket.
[[0;32m  OK  [0m] Listening on Network Service Netlink Socket.
[   12.610421] systemd[1]: Listening on udev Kernel Socket.
[[0;32m  OK  [0m] Listening on udev Kernel Socket.
[   12.641331] systemd[1]: Created slice system-serial\x2dgetty.slice.
[[0;32m  OK  [0m] Created slice system-serial\x2dgetty.slice.
[   13.236377] systemd[1]: Listening on /dev/initctl Compatibility Named Pipe.
[[0;32m  OK  [0m] Listening on /dev/initctl Compatibility Named Pipe.
[[0;32m  OK  [0m] Listening on Journal Socket.
         Mounting Huge Pages File System...
         Starting Uncomplicated firewall...
         Mounting POSIX Message Queue File System...
[[0;32m  OK  [0m] Created slice User and Session Slice.
[[0;32m  OK  [0m] Listening on Journal Audit Socket.
[[0;32m  OK  [0m] Listening on Journal Socket (/dev/log).
[[0;32m  OK  [0m] Started Forward Password Requests to Wall Directory Watch.
         Starting Set the console keyboard layout...
[[0;32m  OK  [0m] Reached target Slices.
[[0;32m  OK  [0m] Reached target Swap.
         Starting Create list of required st…ce nodes for the current kernel...
[[0;32m  OK  [0m] Reached target User and Group Name Lookups.
         Starting Remount Root and Kernel File Systems...
[[0;32m  OK  [0m] Listening on LVM2 metadata daemon socket.
         Mountin[   13.533132] EXT4-fs (sda1): re-mounted. Opts: (null)
g Kernel Debug File System...
[[0;32m  OK  [0m] Listening on udev Control Socket.
         Starting udev Coldplug all Devices...
         Starting Load Kernel Modules...
[[0;32m  OK  [0m] Listening on Syslog Socket.
         Starting Journal Service...
[[0;32m  OK  [0m] Reached target System Time Synchronized.
[[0;32m  OK  [0m] Listening on LVM2 poll daemon socket.
[[0;32m  OK  [0m] Listening on Device-mapper event daemon FIFOs.
         Starting Monitoring of LVM2 mirrors…n[   13.628205] Loading iSCSI transport class v2.0-870.
g dmeventd or progress polling...
[[0;32m  OK  [0m] Mounted Huge Pages File System.
[[0;32m  OK  [0m] Started Uncomplicated firewall.
[[0;32m  OK  [0m] Mounted POSIX Message Queue File System.
[[0;32m  OK  [0m] Started Set the console keyboard layout.
[[0;32m  OK  [0m] Started Create list of required sta…vice nodes for the current kernel.
[[0;32m  OK  [0m] Started Remount Root and Kernel File Systems.
[[0;32m  OK  [0[   13.723674] iscsi: registered transport (tcp)
m] Mounted Kernel Debug File System.
[[0;32m  OK  [0m] Started LVM2 metadata daemon.
         Starting Load/Save Random Seed...
         Starting Create [   13.787381] iscsi: registered transport (iser)
Static Device Nodes in /dev...
[[0;32m  OK  [0m] Started Journal Service.
[[0;32m  OK  [0m] Started Load Kernel Modules.
[[0;32m  OK  [0m] Started Monitoring of LVM2 mirrors,…sing dmeventd or progress polling.
[[0;32m  OK  [0m] Started udev Coldplug all Devices.
[[0;32m  OK  [0m] Started Load/Save Random Seed.
[[0;32m  OK  [0m] Started Create Static Device Nodes in /dev.
         Starting udev Kernel Device Manager...
[[0;32m  OK  [0m] Reached target Local File Systems (Pre).
[[0;32m  OK  [0m] Reached target Local File Systems.
         [   13.972106] random: crng init done
Starting Set con[   14.001775] random: 7 urandom warning(s) missed due to ratelimiting
sole font and keymap...
         Starting AppArmor initialization...
         Starting ebtables ruleset management...
         Starting Tell Plymouth To Write Out Runtime Data...
         Mounting FUSE Control File System...
         Mounting Kernel Configuration File System...
         Starting Apply Kernel Variables...
         Starting Flush Journal to Persistent Storage...
[[0;32m  OK  [0m] Started Set console font and keymap.
[[0;32m  OK  [0m] Mounted FUSE Control File System.
[[0;32m  OK  [0m] Mounted Kernel Configuration File System.
[[0;32m  OK  [0m] Started Tell Plymouth To Write Out Runtime Data.
[[0;32m  OK  [0m] Started udev Kernel Device Manager.
[[0;32m  OK  [0m] Started Dispatch Password Requests to Console Directory Watch.
[[0;32m  OK  [0m] Reached target Local Encrypted Volumes.
[[0;32m  OK  [0m] Started Apply Kernel Variables.
[[0;32m  OK  [0m] Started ebtables ruleset management.
[[0;32m  OK  [0m] Started Flush Journal to Persistent Storage.
         Starting Create Volatile Files and Directories...
[[0;32m  OK  [0m] Started Create Volatile Files and Directories.
         Starting Update UTMP about System Boot/Shutdown...
[[0;32m  OK  [0m] Started Update UTMP about System Boot/Shutdown.
[[0;32m  OK  [0m] Found device /dev/ttyS0.
[[0;32m  OK  [0m] Listening on Load/Save RF Kill Switch Status /dev/rfkill Watch.
[[0;32m  OK  [0m] Started AppArmor initialization.
         Starting Initial cloud-init job (pre-networking)...
[   18.678236] cloud-init[540]: Cloud-init v. 19.1-1-gbaa47854-0ubuntu1~18.04.1 running 'init-local' at Wed, 04 Dec 2019 09:47:09 +0000. Up 18.34 seconds.
[[0;32m  OK  [0m] Started Initial cloud-init job (pre-networking).
[[0;32m  OK  [0m] Reached target Network (Pre).
         Starting Network Service...
[[0;32m  OK  [0m] Started Network Service.
         Starting Network Name Resolution...
         Starting Wait for Network to be Configured...
[[0;32m  OK  [0m] Started Network Name Resolution.
[[0;32m  OK  [0m] Reached target Network.
[[0;32m  OK  [0m] Reached target Host and Network Name Lookups.
[[0;32m  OK  [0m] Started Wait for Network to be Configured.
         Starting Initial cloud-init job (metadata service crawler)...
[   21.857713] cloud-init[703]: Cloud-init v. 19.1-1-gbaa47854-0ubuntu1~18.04.1 running 'init' at Wed, 04 Dec 2019 09:47:12 +0000. Up 21.51 seconds.
[   21.873687] cloud-init[703]: ci-info: ++++++++++++++++++++++++++++++++++++++Net device info+++++++++++++++++++++++++++++++++++++++
[   21.888631] cloud-init[703]: ci-info: +--------+------+-----------------------------+---------------+--------+-------------------+
[   21.927117] cloud-init[703]: ci-info: | Device |  Up  |           Address           |      Mask     | Scope  |     Hw-Address    |
[   21.948414] cloud-init[703]: ci-info: +--------+------+-----------------------------+---------------+--------+-------------------+
[   21.963008] cloud-init[703]: ci-info: | enp0s3 | True |          10.0.2.15          | 255.255.255.0 | global | 02:76:54:76:58:75 |
[   21.978435] cloud-init[703]: ci-info: | enp0s3 | True |  fe80::76:54ff:fe76:5875/64 |       .       |  link  | 02:76:54:76:58:75 |
[   21.993936] cloud-init[703]: ci-info: | enp0s8 | True |        192.168.33.10        | 255.255.255.0 | global | 08:00:27:87:94:af |
[   22.008205] cloud-init[703]: ci-info: | enp0s8 | True | fe80::a00:27ff:fe87:94af/64 |       .       |  link  | 08:00:27:87:94:af |
[   22.024103] cloud-init[703]: ci-info: |   lo   | True |          127.0.0.1          |   255.0.0.0   |  host  |         .         |
[   22.034719] cloud-init[703]: ci-info: |   lo   | True |           ::1/128           |       .       |  host  |         .         |
[   22.046194] cloud-init[703]: ci-info: +--------+------+-----------------------------+---------------+--------+-------------------+
[   22.067982] cloud-init[703]: ci-info: +++++++++++++++++++++++++++++Route IPv4 info+++++++++++++++++++++++++++++
[   22.073018] cloud-init[703]: ci-info: +-------+--------------+----------+-----------------+-----------+-------+
[   22.091938] cloud-init[703]: ci-info: | Route | Destination  | Gateway  |     Genmask     | Interface | Flags |
[   22.105441] cloud-init[703]: ci-info: +-------+--------------+----------+-----------------+-----------+-------+
[   22.118993] cloud-init[703]: ci-info: |   0   |   0.0.0.0    | 10.0.2.2 |     0.0.0.0     |   enp0s3  |   UG  |
[   22.133985] cloud-init[703]: ci-info: |   1   |   10.0.2.0   | 0.0.0.0  |  255.255.255.0  |   enp0s3  |   U   |
[   22.148341] cloud-init[703]: ci-info: |   2   |   10.0.2.2   | 0.0.0.0  | 255.255.255.255 |   enp0s3  |   UH  |
[   22.162987] cloud-init[703]: ci-info: |   3   | 192.168.33.0 | 0.0.0.0  |  255.255.255.0  |   enp0s8  |   U   |
[   22.204366] cloud-init[703]: ci-info: +-------+--------------+----------+-----------------+-----------+-------+
[   22.209406] cloud-init[703]: ci-info: +++++++++++++++++++Route IPv6 info+++++++++++++++++++
[   22.219120] cloud-init[703]: ci-info: +-------+-------------+---------+-----------+-------+
[   22.227336] cloud-init[703]: ci-info: | Route | Destination | Gateway | Interface | Flags |
[   22.243714] cloud-init[703]: ci-info: +-------+-------------+---------+-----------+-------+
[   22.255119] cloud-init[703]: ci-info: |   1   |  fe80::/64  |    ::   |   enp0s8  |   U   |
[   22.266947] cloud-init[703]: ci-info: |   2   |  fe80::/64  |    ::   |   enp0s3  |   U   |
[   22.277916] cloud-init[703]: ci-info: |   4   |    local    |    ::   |   enp0s3  |   U   |
[   22.290133] cloud-init[703]: ci-info: |   5   |    local    |    ::   |   enp0s8  |   U   |
[   22.301945] cloud-init[703]: ci-info: |   6   |   ff00::/8  |    ::   |   enp0s8  |   U   |
[   22.312099] cloud-init[703]: ci-info: |   7   |   ff00::/8  |    ::   |   enp0s3  |   U   |
[   22.317255] cloud-init[703]: ci-info: +-------+-------------+---------+-----------+-------+
[[0;32m  OK  [0m] Started Initial cloud-init job (metadata service crawler).
[[0;32m  OK  [0m] Reached target System Initialization.
[[0;32m  OK  [0m] Started Message of the Day.
[[0;32m  OK  [0m] Listening on UUID daemon activation socket.
[[0;32m  OK  [0m] Listening on Open-iSCSI iscsid Socket.
         Starting LXD - unix socket.
[[0;32m  OK  [0m] Started Daily Cleanup of Temporary Directories.
[[0;32m  OK  [0m] Listening on D-Bus System Message Bus Socket.
[[0;32m  OK  [0m] Listening on ACPID Listen Socket.
         Starting Socket activation for snappy daemon.
[[0;32m  OK  [0m] Started Discard unused blocks once a week.
[[0;32m  OK  [0m] Started ACPI Events Check.
[[0;32m  OK  [0m] Reached target Paths.
[[0;32m  OK  [0m] Started Daily apt download activities.
[[0;32m  OK  [0m] Started Daily apt upgrade and clean activities.
[[0;32m  OK  [0m] Reached target Timers.
[[0;32m  OK  [0m] Reached target Network is Online.
[[0;32m  OK  [0m] Reached target Remote File Systems (Pre).
[[0;32m  OK  [0m] Reached target Remote File Systems.
         Starting Availability of block devices...
[[0;32m  OK  [0m] Reached target Cloud-config availability.
[[0;32m  OK  [0m] Listening on LXD - unix socket.
[[0;32m  OK  [0m] Listening on Socket activation for snappy daemon.
[[0;32m  OK  [0m] Started Availability of block devices.
[[0;32m  OK  [0m] Reached target Sockets.
[[0;32m  OK  [0m] Reached target Basic System.
[[0;32m  OK  [0m] Started irqbalance daemon.
         Starting Dispatcher daemon for systemd-networkd...
[[0;32m  OK  [0m] Started D-Bus System Message Bus.
[[0;32m  OK  [0m] Started FUSE filesystem for LXC.
         Starting LSB: Record successful boot for GRUB...
[[0;32m  OK  [0m] Started Regular background program processing daemon.
         Starting vboxadd.service...
         Starting Accounts Service...
         Starting System Logging Service...
         Starting Permit User Sessions...
[[0;32m  OK  [0m] Started Deferred execution scheduler.
         Starting Login Service...
         Starting LSB: automatic crash report generation...
         Starting OpenBSD Secure Shell server...
         Starting Snappy daemon...
         Starting LXD - container startup/shutdown...
[[0;32m  OK  [0m] Started System Logging Service.
[[0;32m  OK  [0m] Started Permit User Sessions.
[[0;32m  OK  [0m] Started Login Service.
         Starting Authorization Manager...
[[0;32m  OK  [0m] Started Unattended Upgrades Shutdown.
         Starting Terminate Plymouth Boot Screen...
         Starting Hold until boot process finishes up...
[[0;32m  OK  [0m] Started Hold until boot process finishes up.
[[0;32m  OK  [0m] Started Terminate Plymouth Boot Screen.
         Starting Set console scheme...
[[0;32m  OK  [0m] Started Serial Getty on ttyS0.
[[0;32m  OK  [0m] Started OpenBSD Secure Shell server.
[[0;32m  OK  [0m] Started Set console scheme.
[[0;32m  OK  [0m] Created slice system-getty.slice.
[[0;32m  OK  [0m] Started Getty on tty1.
[[0;32m  OK  [0m] Reached target Login Prompts.
[[0;32m  OK  [0m] Started LSB: Record successful boot for GRUB.
[[0;32m  OK  [0m] Started LSB: automatic crash report generation.
[[0;32m  OK  [0m] Started Authorization Manager.
[[0;32m  OK  [0m] Started Accounts Service.
[[0;32m  OK  [0m] Started Dispatcher daemon for systemd-networkd.
[[0;32m  OK  [0m] Created slice User Slice of vagrant.
[[0;32m  OK  [0m] Started vboxadd.service.
[[0;32m  OK  [0m] Started LXD - container startup/shutdown.
[[0;32m  OK  [0m] Started Session 1 of user vagrant.
         Starting vboxadd-service.service...
         Starting User Manager for UID 1000...
[[0;32m  OK  [0m] Started Snappy daemon.
         Starting Wait until snapd is fully seeded...
[[0;32m  OK  [0m] Started vboxadd-service.service.
[[0;32m  OK  [0m] Started Wait until snapd is fully seeded.
         Starting Apply the settings specified in cloud-config...
[[0;32m  OK  [0m] Reached target Multi-User System.
[[0;32m  OK  [0m] Reached target Graphical Interface.
         Starting Update UTMP about System Runlevel Changes...
[[0;32m  OK  [0m] Started User Manager for UID 1000.
[[0;32m  OK  [0m] Started Update UTMP about System Runlevel Changes.
[   25.647678] cloud-init[1156]: Cloud-init v. 19.1-1-gbaa47854-0ubuntu1~18.04.1 running 'modules:config' at Wed, 04 Dec 2019 09:47:16 +0000. Up 25.44 seconds.
[[0;32m  OK  [0m] Started Apply the settings specified in cloud-config.
         Starting Execute cloud user/final scripts...
[   26.540866] cloud-init[1238]: Cloud-init v. 19.1-1-gbaa47854-0ubuntu1~18.04.1 running 'modules:final' at Wed, 04 Dec 2019 09:47:17 +0000. Up 26.36 seconds.
[   26.599540] cloud-init[1238]: Cloud-init v. 19.1-1-gbaa47854-0ubuntu1~18.04.1 finished at Wed, 04 Dec 2019 09:47:17 +0000. Datasource DataSourceNoCloud [seed=/dev/sdb][dsmode=net].  Up 26.53 seconds
[[0;32m  OK  [0m] Started Execute cloud user/final scripts.
[[0;32m  OK  [0m] Reached target Cloud-init target.

Ubuntu 18.04.3 LTS ubuntu-bionic ttyS0

ubuntu-bionic login: 